[INFO]  2025/05/13 17:15:12 main.go:25: API Gateway started on :8081
[INFO]  2025/05/13 17:15:22 logger.go:26: POST /createTrack | 201 | ::1 | 1.0605194s
[INFO]  2025/05/13 18:24:59 logger.go:26: POST /playlists | 201 | ::1 | 124.6108ms
[INFO]  2025/05/13 18:25:03 logger.go:26: GET /playlists | 200 | ::1 | 104.5714ms
[INFO]  2025/05/13 18:25:08 logger.go:26: GET /playlists | 200 | ::1 | 13.587ms
[INFO]  2025/05/13 19:51:00 logger.go:26: GET /playlists | 200 | ::1 | 195.7673ms
[INFO]  2025/05/13 19:51:03 logger.go:26: GET /playlists | 200 | ::1 | 13.6766ms
[INFO]  2025/05/13 19:51:30 logger.go:26: POST /createTrack | 201 | ::1 | 1.2116417s
[INFO]  2025/05/13 19:51:36 logger.go:26: GET /playlists | 200 | ::1 | 60.8128ms
[INFO]  2025/05/13 19:51:38 logger.go:26: GET /playlists | 200 | ::1 | 7.8119ms
[INFO]  2025/05/14 13:13:24 main.go:25: API Gateway started on :8081
[INFO]  2025/05/14 13:15:07 main.go:25: API Gateway started on :8081
[INFO]  2025/05/14 13:15:23 main.go:25: API Gateway started on :8081
[INFO]  2025/05/14 13:16:23 logger.go:23: POST /createTrack | 201 | ::1 | 73.6378ms
[INFO]  2025/05/14 13:16:29 logger.go:23: GET /playlists | 200 | ::1 | 155.9082ms
[INFO]  2025/05/14 13:30:49 main.go:25: API Gateway started on :8081
[INFO]  2025/05/14 13:39:01 main.go:25: API Gateway started on :8081
[INFO]  2025/05/15 22:18:44 main.go:25: API Gateway started on :8081
[INFO]  2025/05/15 22:42:21 logger.go:23: GET /playlists | 200 | ::1 | 207.9503ms
[INFO]  2025/05/15 22:43:29 logger.go:23: GET /playlists | 200 | ::1 | 31.0063ms
[INFO]  2025/05/15 22:43:53 logger.go:23: POST /createTrack | 201 | ::1 | 1.4858766s
[INFO]  2025/05/15 23:19:27 main.go:25: API Gateway started on :8081
[INFO]  2025/05/15 23:22:47 logger.go:23: POST /createTrack | 201 | ::1 | 1.088386s
[INFO]  2025/05/15 23:22:51 logger.go:23: GET /playlists | 200 | ::1 | 89.8047ms
[INFO]  2025/05/16 13:14:28 main.go:25: API Gateway started on :8081
[INFO]  2025/05/16 13:17:00 logger.go:23: POST /createTrack | 201 | ::1 | 1.3444371s
[INFO]  2025/05/16 13:17:08 logger.go:23: GET /playlists | 200 | ::1 | 185.9321ms
[INFO]  2025/05/16 13:19:11 logger.go:23: GET /playlists | 200 | ::1 | 35.8898ms
[INFO]  2025/05/16 13:19:44 logger.go:23: GET /playlists | 200 | ::1 | 23.4322ms
[INFO]  2025/05/16 13:28:05 logger.go:23: POST /createTrack | 201 | ::1 | 1.0778684s
[INFO]  2025/05/16 13:28:09 logger.go:23: GET /playlists | 200 | ::1 | 101.9434ms
[INFO]  2025/05/16 13:28:13 logger.go:23: GET /playlists | 200 | ::1 | 6.324ms
[INFO]  2025/05/16 13:28:32 logger.go:23: GET /playlists | 200 | ::1 | 71.2837ms
[INFO]  2025/05/21 17:29:43 main.go:25: API Gateway started on :8081
[INFO]  2025/05/21 17:30:47 logger.go:23: POST /createTrack | 201 | ::1 | 1.3023896s
[INFO]  2025/05/21 17:30:54 logger.go:23: GET /playlists | 200 | ::1 | 119.3595ms
[INFO]  2025/05/21 17:31:54 logger.go:23: GET /playlists | 200 | ::1 | 47.7842ms
[INFO]  2025/05/21 21:31:27 main.go:27: API Gateway started on :8081
[INFO]  2025/05/21 21:58:37 main.go:27: API Gateway started on :8081
[INFO]  2025/05/21 22:05:13 main.go:27: API Gateway started on :8081
[INFO]  2025/05/21 22:32:42 main.go:27: API Gateway started on :8081
